"../../../Engine/Content/EditorBlueprintResources/StandardMacros.uasset" 0
"../../../Engine/Content/EngineSky/C_Sky_Cloud_Color.uasset" 1
"../../../Engine/Content/EngineSky/C_Sky_Horizon_Color.uasset" 2
"../../../Engine/Content/EngineSky/C_Sky_Zenith_Color.uasset" 3
"../../../Engine/Content/EngineSky/T_Sky_Blue.uasset" 4
"../../../Engine/Content/EngineSky/T_Sky_Clouds_M.uasset" 5
"../../../Engine/Content/EngineSky/T_Sky_Stars.uasset" 6
"../../../Engine/Content/EngineSky/M_Sky_Panning_Clouds2.uasset" 7
"../../../Engine/Content/EngineSky/SM_SkySphere.uasset" 8
"../../../Engine/Content/EngineSky/BP_Sky_Sphere.uasset" 9
"../../Plugins/Runtime/SunPosition/Content/Editor/T_Compass.uasset" 10
"../../Plugins/Runtime/SunPosition/Content/Editor/M_Compass.uasset" 11
"../../../Engine/Content/EditorMeshes/EditorCylinder.uasset" 12
"../../Plugins/Runtime/SunPosition/Content/BP_SunPosition.uasset" 13
"../../../../../Unreal Engine/SmartFlower/Content/SunPositioner_BP.uasset" 14
"../../../../../Unreal Engine/SmartFlower/Content/Interactive_BP.uasset" 15
"../../../../../Unreal Engine/SmartFlower/Content/UI_BP.uasset" 16
"../../../../../Unreal Engine/SmartFlower/Content/Cinematics/Shot1.uasset" 17
"../../../../../Unreal Engine/SmartFlower/Content/Cinematics/SmartFlowerDemo_LS.uasset" 18
"../../../../../Unreal Engine/SmartFlower/Content/ProtoCharacters/HeroTPP_Skeleton.uasset" 19
"../../../../../Unreal Engine/SmartFlower/Content/ProtoCharacters/anims/Playing_The_Violin_Out.uasset" 20
"../../../../../Unreal Engine/SmartFlower/Content/ProtoCharacters/Textures/ProtoMaleColors_Masks.uasset" 21
"../../../../../Unreal Engine/SmartFlower/Content/ProtoCharacters/Textures/T_PrototypeMale_D.uasset" 22
"../../../../../Unreal Engine/SmartFlower/Content/ProtoCharacters/Textures/T_PrototypeMale_M.uasset" 23
"../../../../../Unreal Engine/SmartFlower/Content/ProtoCharacters/Textures/T_PrototypeMale_N.uasset" 24
"../../../../../Unreal Engine/SmartFlower/Content/ProtoCharacters/Materials/M_CharacterMaster.uasset" 25
"../../../../../Unreal Engine/SmartFlower/Content/ProtoCharacters/Textures/ProtoFemaleColors_Masks.uasset" 26
"../../../../../Unreal Engine/SmartFlower/Content/ProtoCharacters/Textures/T_PrototypeFemale_D.uasset" 27
"../../../../../Unreal Engine/SmartFlower/Content/ProtoCharacters/Textures/T_PrototypeFemale_M.uasset" 28
"../../../../../Unreal Engine/SmartFlower/Content/ProtoCharacters/Textures/T_PrototypeFemale_N.uasset" 29
"../../../../../Unreal Engine/SmartFlower/Content/ProtoCharacters/Materials/MI_PrototypeFemaleVer1.uasset" 30
"../../../../../Unreal Engine/SmartFlower/Content/ProtoCharacters/Materials/MI_PrototypeFemaleVer2.uasset" 31
"../../../../../Unreal Engine/SmartFlower/Content/ProtoCharacters/Materials/MI_PrototypeMaleVer1.uasset" 32
"../../../../../Unreal Engine/SmartFlower/Content/ProtoCharacters/Materials/MI_PrototypeMaleVer2.uasset" 33
"../../../../../Unreal Engine/SmartFlower/Content/StarterContent/Materials/M_Basic_Wall.uasset" 34
"../../../../../Unreal Engine/SmartFlower/Content/StarterContent/Architecture/Pillar_50x500.uasset" 35
"../../../../../Unreal Engine/SmartFlower/Content/StarterContent/Architecture/Wall_400x300.uasset" 36
"../../../../../Unreal Engine/SmartFlower/Content/StarterContent/Architecture/Wall_400x400.uasset" 37
"../../../../../Unreal Engine/SmartFlower/Content/StarterContent/Architecture/Wall_500x500.uasset" 38
"../../../../../Unreal Engine/SmartFlower/Content/StarterContent/Architecture/Wall_Door_400x400.uasset" 39
"../../../../../Unreal Engine/SmartFlower/Content/StarterContent/Architecture/Wall_Window_400x400.uasset" 40
"../../../../../Unreal Engine/SmartFlower/Content/StarterContent/Audio/Collapse01.uasset" 41
"../../../../../Unreal Engine/SmartFlower/Content/StarterContent/Audio/Collapse02.uasset" 42
"../../../../../Unreal Engine/SmartFlower/Content/StarterContent/Audio/Explosion01.uasset" 43
"../../../../../Unreal Engine/SmartFlower/Content/StarterContent/Audio/Explosion02.uasset" 44
"../../../../../Unreal Engine/SmartFlower/Content/StarterContent/Audio/Fire01.uasset" 45
"../../../../../Unreal Engine/SmartFlower/Content/StarterContent/Audio/Fire_Sparks01.uasset" 46
"../../../../../Unreal Engine/SmartFlower/Content/StarterContent/Audio/Light01.uasset" 47
"../../../../../Unreal Engine/SmartFlower/Content/StarterContent/Audio/Light01_Cue.uasset" 48
"../../../../../Unreal Engine/SmartFlower/Content/StarterContent/Audio/Light02.uasset" 49
"../../../../../Unreal Engine/SmartFlower/Content/StarterContent/Audio/Light02_Cue.uasset" 50
"../../../../../Unreal Engine/SmartFlower/Content/StarterContent/Audio/Smoke01.uasset" 51
"../../../../../Unreal Engine/SmartFlower/Content/StarterContent/Audio/Starter_Birds01.uasset" 52
"../../../../../Unreal Engine/SmartFlower/Content/StarterContent/Audio/Starter_Music01.uasset" 53
"../../../../../Unreal Engine/SmartFlower/Content/StarterContent/Audio/Starter_Wind05.uasset" 54
"../../../../../Unreal Engine/SmartFlower/Content/StarterContent/Audio/Starter_Wind06.uasset" 55
"../../../../../Unreal Engine/SmartFlower/Content/StarterContent/Audio/Steam01.uasset" 56
"../../../../../Unreal Engine/SmartFlower/Content/StarterContent/Audio/Explosion_Cue.uasset" 57
"../../../../../Unreal Engine/SmartFlower/Content/StarterContent/Textures/T_Burst_M.uasset" 58
"../../../../../Unreal Engine/SmartFlower/Content/StarterContent/Particles/Materials/M_Burst.uasset" 59
"../../../../../Unreal Engine/SmartFlower/Content/StarterContent/Textures/T_Explosion_SubUV.uasset" 60
"../../../../../Unreal Engine/SmartFlower/Content/StarterContent/Particles/Materials/M_explosion_subUV.uasset" 61
"../../../../../Unreal Engine/SmartFlower/Content/StarterContent/Particles/Materials/m_flare_01.uasset" 62
"../../../Engine/Content/Functions/Engine_MaterialFunctions01/Gradient/RadialGradient.uasset" 63
"../../../../../Unreal Engine/SmartFlower/Content/StarterContent/Particles/Materials/M_radial_ramp.uasset" 64
"../../../../../Unreal Engine/SmartFlower/Content/StarterContent/Textures/T_Smoke_SubUV.uasset" 65
"../../../../../Unreal Engine/SmartFlower/Content/StarterContent/Textures/T_Smoke_Tiled_D.uasset" 66
"../../../../../Unreal Engine/SmartFlower/Content/StarterContent/Particles/Materials/M_smoke_subUV.uasset" 67
"../../../../../Unreal Engine/SmartFlower/Content/StarterContent/Particles/P_Explosion.uasset" 68
"../../../../../Unreal Engine/SmartFlower/Content/StarterContent/Blueprints/Blueprint_Effect_Explosion.uasset" 69
"../../../Engine/Content/EditorMeshes/ColorCalibrator/T_ColorGrid.uasset" 70
"../../../../../Unreal Engine/SmartFlower/Content/StarterContent/Materials/M_ColorGrid_LowSpec.uasset" 71
"../../../../../Unreal Engine/SmartFlower/Content/StarterContent/Textures/T_Bush_D.uasset" 72
"../../../../../Unreal Engine/SmartFlower/Content/StarterContent/Textures/T_Bush_N.uasset" 73
"../../../../../Unreal Engine/SmartFlower/Content/StarterContent/Props/Materials/M_Bush.uasset" 74
"../../../../../Unreal Engine/SmartFlower/Content/StarterContent/Props/SM_Bush.uasset" 75
"../../../../../Unreal Engine/SmartFlower/Content/StarterContent/Textures/T_Chair_M.uasset" 76
"../../../../../Unreal Engine/SmartFlower/Content/StarterContent/Textures/T_Chair_N.uasset" 77
"../../../../../Unreal Engine/SmartFlower/Content/StarterContent/Props/Materials/M_Chair.uasset" 78
"../../../../../Unreal Engine/SmartFlower/Content/StarterContent/Props/SM_Couch.uasset" 79
"../../../../../Unreal Engine/SmartFlower/Content/StarterContent/Materials/M_Glass.uasset" 80
"../../../../../Unreal Engine/SmartFlower/Content/StarterContent/Textures/T_Door_M.uasset" 81
"../../../../../Unreal Engine/SmartFlower/Content/StarterContent/Textures/T_Door_N.uasset" 82
"../../../../../Unreal Engine/SmartFlower/Content/StarterContent/Props/Materials/M_Door.uasset" 83
"../../../../../Unreal Engine/SmartFlower/Content/StarterContent/Props/SM_Door.uasset" 84
"../../../../../Unreal Engine/SmartFlower/Content/StarterContent/Props/Materials/M_MaterialSphere.uasset" 85
"../../../../../Unreal Engine/SmartFlower/Content/StarterContent/Props/Materials/M_MaterialSphere_Plain.uasset" 86
"../../../../../Unreal Engine/SmartFlower/Content/StarterContent/Props/SM_MatPreviewMesh_02.uasset" 87
"../../../Engine/Content/Functions/Engine_MaterialFunctions02/Utility/BlendAngleCorrectedNormals.uasset" 88
"../../../../../Unreal Engine/SmartFlower/Content/StarterContent/Textures/T_Detail_Rocky_N.uasset" 89
"../../../../../Unreal Engine/SmartFlower/Content/StarterContent/Textures/T_Rock_Basalt_D.uasset" 90
"../../../../../Unreal Engine/SmartFlower/Content/StarterContent/Textures/T_RockMesh_M.uasset" 91
"../../../../../Unreal Engine/SmartFlower/Content/StarterContent/Textures/T_RockMesh_N.uasset" 92
"../../../../../Unreal Engine/SmartFlower/Content/StarterContent/Props/Materials/M_Rock.uasset" 93
"../../../../../Unreal Engine/SmartFlower/Content/StarterContent/Props/SM_Rock.uasset" 94
"../../../../../Unreal Engine/SmartFlower/Content/StarterContent/Textures/T_Shelf_M.uasset" 95
"../../../../../Unreal Engine/SmartFlower/Content/StarterContent/Textures/T_Shelf_N.uasset" 96
"../../../../../Unreal Engine/SmartFlower/Content/StarterContent/Props/Materials/M_Shelf.uasset" 97
"../../../../../Unreal Engine/SmartFlower/Content/StarterContent/Props/SM_Shelf.uasset" 98
"../../../../../Unreal Engine/SmartFlower/Content/StarterContent/Materials/M_Basic_Floor.uasset" 99
"../../../../../Unreal Engine/SmartFlower/Content/StarterContent/Props/SM_Stairs.uasset" 100
"../../../../../Unreal Engine/SmartFlower/Content/StarterContent/Shapes/Shape_Cone.uasset" 101
"../../../../../Unreal Engine/SmartFlower/Content/StarterContent/Shapes/Shape_Cylinder.uasset" 102
"../../../../../Unreal Engine/SmartFlower/Content/StarterContent/Shapes/Shape_NarrowCapsule.uasset" 103
"../../../../../Unreal Engine/SmartFlower/Content/StarterContent/Shapes/Shape_Pipe.uasset" 104
"../../../../../Unreal Engine/SmartFlower/Content/StarterContent/Shapes/Shape_Pipe_180.uasset" 105
"../../../../../Unreal Engine/SmartFlower/Content/StarterContent/Shapes/Shape_Pipe_90.uasset" 106
"../../../../../Unreal Engine/SmartFlower/Content/StarterContent/Shapes/Shape_Plane.uasset" 107
"../../../../../Unreal Engine/SmartFlower/Content/StarterContent/Shapes/Shape_Torus.uasset" 108
"../../../../../Unreal Engine/SmartFlower/Content/StarterContent/Shapes/Shape_Trim.uasset" 109
"../../../../../Unreal Engine/SmartFlower/Content/StarterContent/Shapes/Shape_Trim_90_In.uasset" 110
"../../../../../Unreal Engine/SmartFlower/Content/StarterContent/Shapes/Shape_Trim_90_Out.uasset" 111
"../../../../../Unreal Engine/SmartFlower/Content/StarterContent/Shapes/Shape_TriPyramid.uasset" 112
"../../../../../Unreal Engine/SmartFlower/Content/StarterContent/Shapes/Shape_Tube.uasset" 113
"../../../../../Unreal Engine/SmartFlower/Content/StarterContent/Shapes/Shape_Wedge_A.uasset" 114
"../../../../../Unreal Engine/SmartFlower/Content/StarterContent/Shapes/Shape_Wedge_B.uasset" 115
"../../../../../Unreal Engine/SmartFlower/Content/StarterContent/Shapes/Shape_WideCapsule.uasset" 116
"../../../Engine/Content/Functions/Engine_MaterialFunctions01/Density/ExponentialDensity.uasset" 117
"../../../Engine/Content/Functions/Engine_MaterialFunctions01/Gradient/RadialGradientExponential.uasset" 118
"../../../../../Unreal Engine/SmartFlower/Content/StylizedDesertEnv/Maps/LevelContent/Architecture/T_MeterGrid_01_M.uasset" 119
"../../../../../Unreal Engine/SmartFlower/Content/StylizedDesertEnv/Maps/LevelContent/Architecture/M_CycWall_01.uasset" 120
"../../../Engine/Content/Functions/Engine_MaterialFunctions02/HueShift.uasset" 121
"../../../../../Unreal Engine/SmartFlower/Content/StylizedDesertEnv/Materials/MaterialFunctions/NormalStrength.uasset" 122
"../../../../../Unreal Engine/SmartFlower/Content/StylizedDesertEnv/Materials/MaterialFunctions/SpecularMapSwitch.uasset" 123
"../../../../../Unreal Engine/SmartFlower/Content/StylizedDesertEnv/Maps/LevelContent/Textures/rocky_and_sandy_ground_Ambient_Occlusion.uasset" 124
"../../../../../Unreal Engine/SmartFlower/Content/StylizedDesertEnv/Maps/LevelContent/Textures/rocky_and_sandy_ground_Base_Color.uasset" 125
"../../../../../Unreal Engine/SmartFlower/Content/StylizedDesertEnv/Maps/LevelContent/Textures/rocky_and_sandy_ground_Normal.uasset" 126
"../../../../../Unreal Engine/SmartFlower/Content/StylizedDesertEnv/Maps/LevelContent/Textures/rocky_and_sandy_ground_Roughness.uasset" 127
"../../../../../Unreal Engine/SmartFlower/Content/StylizedDesertEnv/Maps/LevelContent/Materials/Example_Rock.uasset" 128
"../../../../../Unreal Engine/SmartFlower/Content/StylizedDesertEnv/Maps/LevelContent/Materials/Example_Rock_Inst.uasset" 129
"../../../Engine/Content/MapTemplates/Sky/T_Sky_Stars.uasset" 130
"../../../../../Unreal Engine/SmartFlower/Content/StylizedDesertEnv/Maps/LevelContent/Materials/M_Procedural_Sky_MASTER.uasset" 131
"../../../Engine/Content/MapTemplates/Sky/T_UDK_Sky_CloudMask01_N.uasset" 132
"../../../Engine/Content/MapTemplates/T_UDK_Sky_CloudMask03.uasset" 133
"../../../Engine/Content/MapTemplates/Sky/M_Procedural_Sky_MASTER02.uasset" 134
"../../../../../Unreal Engine/SmartFlower/Content/StylizedDesertEnv/Maps/LevelContent/Materials/M_Procedural_Sky_MASTER_Inst.uasset" 135
"../../../../../Unreal Engine/SmartFlower/Content/StylizedDesertEnv/Maps/LevelContent/Textures/T_UDK_Sky_CloudMask01_N.uasset" 136
"../../../../../Unreal Engine/SmartFlower/Content/StylizedDesertEnv/Maps/LevelContent/Textures/T_UDK_Sky_CloudMask03.uasset" 137
"../../../../../Unreal Engine/SmartFlower/Content/StylizedDesertEnv/Materials/Templates/E.uasset" 138
"../../../../../Unreal Engine/SmartFlower/Content/StylizedDesertEnv/Materials/Templates/H.uasset" 139
"../../../Engine/Content/Functions/Engine_MaterialFunctions01/Opacity/CameraDepthFade.uasset" 140
"../../../Engine/Content/EngineMaterials/T_Default_Material_Grid_M.uasset" 141
"../../../Engine/Content/EngineMaterials/T_Default_Material_Grid_N.uasset" 142
"../../../Engine/Content/EngineMaterials/WorldGridMaterial.uasset" 143
"../../../Engine/Content/ArtTools/RenderToTexture/Meshes/S_1_Unit_Plane.uasset" 144
"../../../Engine/Content/EngineMaterials/DefaultMaterial.uasset" 145
"../../../Engine/Content/BasicShapes/Cone.uasset" 146
"../../../Engine/Content/BasicShapes/Cube.uasset" 147
"../../../Engine/Content/BasicShapes/Cylinder.uasset" 148
"../../../Engine/Content/BasicShapes/Plane.uasset" 149
"../../../Engine/Content/BasicShapes/Sphere.uasset" 150
"../../../Engine/Content/EditorLandscapeResources/DataLayer.uasset" 151
"../../../Engine/Content/EditorMaterials/GizmoMaterial.uasset" 152
"../../../Engine/Content/EditorMaterials/MAT_Groups_Toggle.uasset" 153
"../../../Engine/Content/EditorMaterials/MAT_Groups_Visibility.uasset" 154
"../../../Engine/Content/EditorMaterials/PreviewShadowIndicator.uasset" 155
"../../../Engine/Content/EditorMaterials/PreviewShadowIndicatorMaterial.uasset" 156
"../../../Engine/Content/EditorMaterials/MatineeGroups/MAT_ColorTrack.uasset" 157
"../../../Engine/Content/EditorMaterials/MatineeGroups/MAT_Groups_Anim.uasset" 158
"../../../Engine/Content/EditorMaterials/MatineeGroups/MAT_Groups_AudioMaster.uasset" 159
"../../../Engine/Content/EditorMaterials/MatineeGroups/MAT_Groups_Director.uasset" 160
"../../../Engine/Content/EditorMaterials/MatineeGroups/MAT_Groups_Event.uasset" 161
"../../../Engine/Content/EditorMaterials/MatineeGroups/MAT_Groups_Fade.uasset" 162
"../../../Engine/Content/EditorMaterials/MatineeGroups/MAT_Groups_Float.uasset" 163
"../../../Engine/Content/EditorMaterials/MatineeGroups/MAT_Groups_Move.uasset" 164
"../../../Engine/Content/EditorMaterials/MatineeGroups/MAT_Groups_Slomo.uasset" 165
"../../../Engine/Content/EditorMaterials/MatineeGroups/MAT_Groups_Sound.uasset" 166
"../../../Engine/Content/EditorMaterials/MatineeGroups/MAT_Groups_Vector.uasset" 167
"../../../Engine/Content/EditorMaterials/ParticleSystems/PSysThumbnail_NoImage.uasset" 168
"../../../Engine/Content/EditorMaterials/ParticleSystems/PSysThumbnail_OOD.uasset" 169
"../../../Engine/Content/EditorMaterials/Camera/CineMat.uasset" 170
"../../../Engine/Content/EditorMaterials/Camera/MI_CineMat_Rig.uasset" 171
"../../../Engine/Content/EditorMeshes/Camera/SM_CraneRig_Arm.uasset" 172
"../../../Engine/Content/EditorMeshes/Camera/SM_CraneRig_Base.uasset" 173
"../../../Engine/Content/EditorMeshes/Camera/SM_CraneRig_Body.uasset" 174
"../../../Engine/Content/EditorMeshes/Camera/SM_CraneRig_Mount.uasset" 175
"../../../Engine/Content/EditorMeshes/Camera/SM_RailRig_Mount.uasset" 176
"../../../Engine/Content/EditorMeshes/Camera/SM_RailRig_Track.uasset" 177
"../../../Engine/Content/EditorResources/BSPVertex.uasset" 178
"../../../Engine/Content/EditorResources/EmptyActor.uasset" 179
"../../../Engine/Content/EditorResources/S_Actor.uasset" 180
"../../../Engine/Content/EditorResources/S_Trigger.uasset" 181
"../../../Engine/Content/EditorResources/AudioIcons/S_AudioComponent.uasset" 182
"../../../Engine/Content/EditorResources/AudioIcons/S_AudioComponent_AutoActivate.uasset" 183
"../../../Engine/Content/EditorResources/LightIcons/S_LightError.uasset" 184
"../../../Engine/Content/EditorResources/SequenceRecorder/Countdown.uasset" 185
"../../../Engine/Content/EditorResources/SequenceRecorder/RecordingIndicator.uasset" 186
"../../../Engine/Content/EditorSounds/Notifications/CompileFailed.uasset" 187
"../../../Engine/Content/EditorSounds/Notifications/CompileFailed_Cue.uasset" 188
"../../../Engine/Content/EditorSounds/Notifications/CompileSuccess.uasset" 189
"../../../Engine/Content/EditorSounds/Notifications/CompileStart_Cue.uasset" 190
"../../../Engine/Content/EditorSounds/Notifications/CompileSuccess_Cue.uasset" 191
"../../../Engine/Content/EngineDamageTypes/DmgTypeBP_Environmental.uasset" 192
"../../../Engine/Content/EngineDebugMaterials/HeatmapGradient.uasset" 193
"../../../Engine/Content/EngineDebugMaterials/BoneWeightMaterial.uasset" 194
"../../../Engine/Content/EngineDebugMaterials/ClothMaterial.uasset" 195
"../../../Engine/Content/EngineDebugMaterials/ClothMaterial_WF.uasset" 196
"../../../Engine/Content/EngineDebugMaterials/DebugEditorMaterial.uasset" 197
"../../../Engine/Content/EngineDebugMaterials/DebugMeshMaterial.uasset" 198
"../../../Engine/Content/EngineDebugMaterials/GeomMaterial.uasset" 199
"../../../Engine/Content/EngineDebugMaterials/M_SimpleTranslucent.uasset" 200
"../../../Engine/Content/EngineFonts/Faces/RobotoBold.uasset" 201
"../../../Engine/Content/EngineFonts/Faces/RobotoBoldItalic.uasset" 202
"../../../Engine/Content/EngineFonts/Faces/RobotoItalic.uasset" 203
"../../../Engine/Content/EngineFonts/Faces/RobotoLight.uasset" 204
"../../../Engine/Content/EngineFonts/Faces/RobotoRegular.uasset" 205
"../../../Engine/Content/EngineFonts/Roboto.uasset" 206
"../../../Engine/Content/EngineFonts/Faces/RobotoTiny.uasset" 207
"../../../Engine/Content/EngineFonts/RobotoTiny.uasset" 208
"../../../Engine/Content/EngineMaterials/BaseFlattenDiffuseMap.uasset" 209
"../../../Engine/Content/EngineMaterials/BaseFlattenEmissiveMap.uasset" 210
"../../../Engine/Content/EngineMaterials/BaseFlattenGrayscaleMap.uasset" 211
"../../../Engine/Content/EngineMaterials/BaseFlattenNormalMap.uasset" 212
"../../../Engine/Content/EngineMaterials/BaseFlattenMaterial.uasset" 213
"../../../Engine/Content/EngineMaterials/DefaultBloomKernel.uasset" 214
"../../../Engine/Content/EngineMaterials/DefaultBokeh.uasset" 215
"../../../Engine/Content/EngineMaterials/DefaultDiffuse.uasset" 216
"../../../Engine/Content/EngineMaterials/DefaultDeferredDecalMaterial.uasset" 217
"../../../Engine/Content/EngineMaterials/DefaultLightFunctionMaterial.uasset" 218
"../../../Engine/Content/Functions/Engine_MaterialFunctions02/Utility/BreakOutFloat2Components.uasset" 219
"../../../Engine/Content/EngineMaterials/DefaultPostProcessMaterial.uasset" 220
"../../../Engine/Content/EngineFonts/RobotoDistanceField.uasset" 221
"../../../Engine/Content/EngineMaterials/DefaultTextMaterialOpaque.uasset" 222
"../../../Engine/Content/EngineMaterials/DefaultWhiteGrid.uasset" 223
"../../../Engine/Content/EngineMaterials/EditorBrushMaterial.uasset" 224
"../../../Engine/Content/EngineMaterials/Good64x64TilingNoiseHighFreq.uasset" 225
"../../../Engine/Content/EngineMaterials/MiniFont.uasset" 226
"../../../Engine/Content/EngineMaterials/InvalidLightmapSettings.uasset" 227
"../../../Engine/Content/EngineMaterials/M_InvalidLightmapSettings.uasset" 228
"../../../Engine/Content/Functions/Engine_MaterialFunctions02/WorldPositionOffset/CameraOffset.uasset" 229
"../../../Engine/Content/EngineMaterials/PhAT_JointLimitMaterial.uasset" 230
"../../../Engine/Content/EngineMaterials/PreintegratedSkinBRDF.uasset" 231
"../../../Engine/Content/EngineMaterials/RemoveSurfaceMaterial.uasset" 232
"../../../Engine/Content/EngineMaterials/WeightMapPlaceholderTexture.uasset" 233
"../../../Engine/Content/EngineResources/WhiteSquareTexture.uasset" 234
"../../../Engine/Content/EngineMaterials/Widget3DPassThrough.uasset" 235
"../../../Engine/Content/EngineMaterials/Widget3DPassThrough_Masked.uasset" 236
"../../../Engine/Content/EngineMaterials/Widget3DPassThrough_Opaque.uasset" 237
"../../../Engine/Content/EngineMaterials/Widget3DPassThrough_Masked_OneSided.uasset" 238
"../../../Engine/Content/EngineMaterials/Widget3DPassThrough_Opaque_OneSided.uasset" 239
"../../../Engine/Content/EngineMaterials/Widget3DPassThrough_Translucent.uasset" 240
"../../../Engine/Content/EngineMaterials/Widget3DPassThrough_Translucent_OneSided.uasset" 241
"../../../Engine/Content/EngineMeshes/Cylinder.uasset" 242
"../../../Engine/Content/EngineMeshes/Sphere.uasset" 243
"../../../Engine/Content/EngineResources/Black.uasset" 244
"../../../Engine/Content/EngineResources/DefaultTexture.uasset" 245
"../../../Engine/Content/EngineResources/DefaultTextureCube.uasset" 246
"../../../Engine/Content/EngineResources/DefaultVolumeTexture2D.uasset" 247
"../../../Engine/Content/EngineResources/DefaultVolumeTexture.uasset" 248
"../../../Engine/Content/EngineResources/GradientTexture0.uasset" 249
"../../../Engine/Content/EngineSounds/Master.uasset" 250
"../../../Engine/Content/Functions/Engine_MaterialFunctions01/Shading/ConvertFromDiffSpec.uasset" 251
"../../../Engine/Content/Functions/Engine_MaterialFunctions01/Shading/PowerToRoughness.uasset" 252
"../../../Engine/Content/Maps/Templates/Thumbnails/Default.uasset" 253
"../../../Engine/Content/Maps/Templates/Thumbnails/VR-Basic.uasset" 254
"../../../Engine/Content/MobileResources/T_MobileControls_texture.uasset" 255
"../../../Engine/Content/MobileResources/T_MobileMenu2.uasset" 256
"../../../Engine/Content/MobileResources/HUD/AnalogHat.uasset" 257
"../../../Engine/Content/MobileResources/HUD/VirtualJoystick_Background.uasset" 258
"../../../Engine/Content/MobileResources/HUD/VirtualJoystick_Thumb.uasset" 259
"../../../Engine/Content/MobileResources/HUD/DefaultVirtualJoysticks.uasset" 260
"../../../Engine/Content/MobileResources/HUD/LeftVirtualJoystickOnly.uasset" 261
"../../../Engine/Content/MobileResources/HUD/MobileHUDButton1_off.uasset" 262
"../../../Engine/Content/MobileResources/HUD/MobileHUDButton1_on.uasset" 263
"../../../Engine/Content/MobileResources/HUD/MobileHUDButton2_off.uasset" 264
"../../../Engine/Content/MobileResources/HUD/MobileHUDButton2_on.uasset" 265
"../../../Engine/Content/MobileResources/HUD/MobileHUDButton3.uasset" 266
"../../../Engine/Content/MobileResources/HUD/MobileHUDButtonFire.uasset" 267
"../../../Engine/Content/MobileResources/HUD/MobileHUDDirectionPad.uasset" 268
"../../../Engine/Content/MobileResources/HUD/MobileHUDDirectionPad2.uasset" 269
"../../../Engine/Content/MobileResources/HUD/MobileHUDDirectionPad3.uasset" 270
"../../../Engine/Content/MobileResources/HUD/MobileHUDDirectionStick.uasset" 271
"../../../Engine/Content/MobileResources/HUD/T_Castle_ThumbstickInner.uasset" 272
"../../../Engine/Content/MobileResources/HUD/T_Castle_ThumbstickOutter.uasset" 273
"../../../Engine/Content/Tutorial/ContentIntroCurve.uasset" 274
"../../../Engine/Content/Tutorial/BlueprintTutorials/TutorialAssets/Blueprint_64x.uasset" 275
"../../../Engine/Content/VREditor/LaserPointer/VR_LaserPower_01.uasset" 276
"../../../Engine/Content/VREditor/TransformGizmo/TransformGizmoMaterial.uasset" 277
"../../../Engine/Content/VREditor/TransformGizmo/TranslucentTransformGizmoMaterial.uasset" 278
"../../../Engine/Content/VREditor/TransformGizmo/BoundingBoxCorner.uasset" 279
"../../../Engine/Content/VREditor/TransformGizmo/BoundingBoxEdge.uasset" 280
"../../../Engine/Content/VREditor/TransformGizmo/PlaneTranslationHandle.uasset" 281
"../../../Engine/Content/VREditor/TransformGizmo/Main.uasset" 282
"../../../Engine/Content/VREditor/TransformGizmo/Xray.uasset" 283
"../../../Engine/Content/VREditor/TransformGizmo/SM_Sequencer_Key.uasset" 284
"../../../Engine/Content/VREditor/TransformGizmo/SM_Sequencer_Node.uasset" 285
"../../Plugins/2D/Paper2D/Content/PlaceholderTextures/DummySpriteTexture.uasset" 286
"../../Plugins/2D/Paper2D/Content/DummySprite.uasset" 287
"../../Plugins/2D/Paper2D/Content/DefaultPaperTerrainMaterial.uasset" 288
"../../Plugins/2D/Paper2D/Content/DefaultSpriteMaterial.uasset" 289
"../../Plugins/2D/Paper2D/Content/MaskedUnlitSpriteMaterial.uasset" 290
"../../Plugins/2D/Paper2D/Content/OpaqueUnlitSpriteMaterial.uasset" 291
"../../Plugins/Runtime/Oculus/OculusVR/Content/Materials/PokeAHoleMaterial.uasset" 292
"../../Plugins/Runtime/Oculus/OculusVR/Content/Textures/GearVRController_AO.uasset" 293
"../../Plugins/Runtime/Oculus/OculusVR/Content/Textures/GearVRController_Color.uasset" 294
"../../Plugins/Runtime/Oculus/OculusVR/Content/Textures/GearVRController_Normal.uasset" 295
"../../Plugins/Runtime/Oculus/OculusVR/Content/Materials/GearVRControllerMaterial.uasset" 296
"../../Plugins/Runtime/Oculus/OculusVR/Content/Meshes/GearVrController.uasset" 297
"../../Plugins/Runtime/Oculus/OculusVR/Content/Textures/touchController_albedo.uasset" 298
"../../Plugins/Runtime/Oculus/OculusVR/Content/Textures/touchController_controlmap.uasset" 299
"../../Plugins/Runtime/Oculus/OculusVR/Content/Materials/touchController_mat.uasset" 300
"../../Plugins/Runtime/Oculus/OculusVR/Content/Meshes/LeftTouchController.uasset" 301
"../../Plugins/Runtime/Oculus/OculusVR/Content/Meshes/RiftHMD.uasset" 302
"../../Plugins/Runtime/Oculus/OculusVR/Content/Meshes/RightTouchController.uasset" 303
"../../../Engine/Content/MapTemplates/Materials/BasicTemplateMaterial.uasset" 304
"../../../../../Unreal Engine/SmartFlower/Content/ProtoCharacters/Materials/MI_PrototypeFemale.uasset" 305
"../../../../../Unreal Engine/SmartFlower/Content/ProtoCharacters/SK_PrototypeF_PhysicsAsset.uasset" 306
"../../../../../Unreal Engine/SmartFlower/Content/ProtoCharacters/SK_PrototypeF.uasset" 307
"../../../../../Unreal Engine/SmartFlower/Content/ProtoCharacters/Materials/MI_PrototypeMale.uasset" 308
"../../../../../Unreal Engine/SmartFlower/Content/ProtoCharacters/SK_PrototypeM_PhysicsAsset.uasset" 309
"../../../../../Unreal Engine/SmartFlower/Content/ProtoCharacters/SK_PrototypeM.uasset" 310
"../../../../../Unreal Engine/SmartFlower/Content/ProtoCharacters/Showcase.umap" 311
"../../../../../Unreal Engine/SmartFlower/Content/StarterContent/Blueprints/Assets/FogBrightnessLUT.uasset" 312
"../../../../../Unreal Engine/SmartFlower/Content/StarterContent/Blueprints/Assets/SunlightColorLUT.uasset" 313
"../../../../../Unreal Engine/SmartFlower/Content/StarterContent/Blueprints/Assets/M_LightStage_Arrows.uasset" 314
"../../../Engine/Content/MapTemplates/Sky/DaylightAmbientCubemap.uasset" 315
"../../../../../Unreal Engine/SmartFlower/Content/StarterContent/Blueprints/Assets/M_LightStage_Skybox_Master.uasset" 316
"../../../../../Unreal Engine/SmartFlower/Content/StarterContent/Blueprints/Assets/M_LightStage_Skybox_Black.uasset" 317
"../../../../../Unreal Engine/SmartFlower/Content/StarterContent/Blueprints/Assets/M_LightStage_Skybox_HDRI.uasset" 318
"../../../Engine/Content/EditorMaterials/Thumbnails/SkySphereMaterial.uasset" 319
"../../../../../Unreal Engine/SmartFlower/Content/StarterContent/Blueprints/Assets/Skybox.uasset" 320
"../../../../../Unreal Engine/SmartFlower/Content/StarterContent/Blueprints/Assets/SM_Arrows.uasset" 321
"../../../../../Unreal Engine/SmartFlower/Content/StarterContent/HDRI/HDRI_Epic_Courtyard_Daylight.uasset" 322
"../../../../../Unreal Engine/SmartFlower/Content/StarterContent/Blueprints/BP_LightStudio.uasset" 323
"../../../../../Unreal Engine/SmartFlower/Content/StarterContent/Maps/Advanced_Lighting_BuiltData.uasset" 324
"../../../../../Unreal Engine/SmartFlower/Content/StarterContent/Materials/M_AssetPlatform.uasset" 325
"../../../Engine/Content/EditorMeshes/ColorCalibrator/M_ChromeBall.uasset" 326
"../../../Engine/Content/EditorMeshes/ColorCalibrator/M_ClearCoat.uasset" 327
"../../../Engine/Content/EditorMeshes/ColorCalibrator/M_ClearCoatBlack.uasset" 328
"../../../Engine/Content/EditorMeshes/ColorCalibrator/Color_checker.uasset" 329
"../../../Engine/Content/EditorMeshes/ColorCalibrator/M_ColorGrid.uasset" 330
"../../../Engine/Content/EditorMeshes/ColorCalibrator/M_GreyBall.uasset" 331
"../../../Engine/Content/EditorMeshes/ColorCalibrator/SM_ColorCalibrator.uasset" 332
"../../../../../Unreal Engine/SmartFlower/Content/StarterContent/Architecture/SM_AssetPlatform.uasset" 333
"../../../../../Unreal Engine/SmartFlower/Content/StarterContent/Maps/Advanced_Lighting.umap" 334
"../../../../../Unreal Engine/SmartFlower/Content/VisualisationMode_BP.uasset" 335
"../../../../../Unreal Engine/SmartFlower/Content/StarterContent/Maps/Minimal_Default_BuiltData.uasset" 336
"../../../../../Unreal Engine/SmartFlower/Content/StarterContent/Textures/T_MacroVariation.uasset" 337
"../../../../../Unreal Engine/SmartFlower/Content/StarterContent/Materials/M_Metal_Brushed_Nickel.uasset" 338
"../../../../../Unreal Engine/SmartFlower/Content/StarterContent/Textures/T_Metal_Aluminum_D.uasset" 339
"../../../../../Unreal Engine/SmartFlower/Content/StarterContent/Textures/T_Metal_Gold_N.uasset" 340
"../../../../../Unreal Engine/SmartFlower/Content/StarterContent/Materials/M_Metal_Burnished_Steel.uasset" 341
"../../../../../Unreal Engine/SmartFlower/Content/StarterContent/Textures/T_Statue_M.uasset" 342
"../../../../../Unreal Engine/SmartFlower/Content/StarterContent/Textures/T_Statue_N.uasset" 343
"../../../../../Unreal Engine/SmartFlower/Content/StarterContent/Props/Materials/M_StatueGlass.uasset" 344
"../../../../../Unreal Engine/SmartFlower/Content/StarterContent/Architecture/Floor_400x400.uasset" 345
"../../../../../Unreal Engine/SmartFlower/Content/StarterContent/Audio/Starter_Background_Cue.uasset" 346
"../../../../../Unreal Engine/SmartFlower/Content/StarterContent/Props/SM_Chair.uasset" 347
"../../../../../Unreal Engine/SmartFlower/Content/StarterContent/Props/Materials/M_Statue.uasset" 348
"../../../../../Unreal Engine/SmartFlower/Content/StarterContent/Props/SM_Statue.uasset" 349
"../../../../../Unreal Engine/SmartFlower/Content/StarterContent/Textures/T_TableRound_M.uasset" 350
"../../../../../Unreal Engine/SmartFlower/Content/StarterContent/Textures/T_TableRound_N.uasset" 351
"../../../../../Unreal Engine/SmartFlower/Content/StarterContent/Props/Materials/M_TableRound.uasset" 352
"../../../../../Unreal Engine/SmartFlower/Content/StarterContent/Props/SM_TableRound.uasset" 353
"../../../../../Unreal Engine/SmartFlower/Content/UI/Interactive_BP.uasset" 354
"../../../../../Unreal Engine/SmartFlower/Content/UI/UI_BP.uasset" 355
"../../../../../Unreal Engine/SmartFlower/Content/StarterContent/Maps/Minimal_Default.umap" 356
"../../../../../Unreal Engine/SmartFlower/Content/StarterContent/Audio/Fire01_Cue.uasset" 357
"../../../../../Unreal Engine/SmartFlower/Content/StarterContent/Textures/T_Fire_SubUV.uasset" 358
"../../../../../Unreal Engine/SmartFlower/Content/StarterContent/Textures/T_Fire_Tiled_D.uasset" 359
"../../../../../Unreal Engine/SmartFlower/Content/StarterContent/Particles/Materials/M_Fire_SubUV.uasset" 360
"../../../../../Unreal Engine/SmartFlower/Content/StarterContent/Textures/T_Water_N.uasset" 361
"../../../../../Unreal Engine/SmartFlower/Content/StarterContent/Particles/Materials/M_Heat_Distortion.uasset" 362
"../../../../../Unreal Engine/SmartFlower/Content/StarterContent/Particles/Materials/M_Radial_Gradient.uasset" 363
"../../../../../Unreal Engine/SmartFlower/Content/StarterContent/Particles/P_Fire.uasset" 364
"../../../../../Unreal Engine/SmartFlower/Content/StarterContent/Blueprints/Blueprint_Effect_Fire.uasset" 365
"../../../../../Unreal Engine/SmartFlower/Content/StarterContent/Audio/Smoke01_Cue.uasset" 366
"../../../../../Unreal Engine/SmartFlower/Content/StarterContent/Particles/P_Smoke.uasset" 367
"../../../../../Unreal Engine/SmartFlower/Content/StarterContent/Blueprints/Blueprint_Effect_Smoke.uasset" 368
"../../../../../Unreal Engine/SmartFlower/Content/StarterContent/Audio/Fire_Sparks01_Cue.uasset" 369
"../../../../../Unreal Engine/SmartFlower/Content/StarterContent/Textures/T_Spark_Core.uasset" 370
"../../../../../Unreal Engine/SmartFlower/Content/StarterContent/Particles/Materials/M_Spark.uasset" 371
"../../../../../Unreal Engine/SmartFlower/Content/StarterContent/Particles/P_Sparks.uasset" 372
"../../../../../Unreal Engine/SmartFlower/Content/StarterContent/Blueprints/Blueprint_Effect_Sparks.uasset" 373
"../../../../../Unreal Engine/SmartFlower/Content/StarterContent/Audio/Steam01_Cue.uasset" 374
"../../../../../Unreal Engine/SmartFlower/Content/StarterContent/Particles/P_Steam_Lit.uasset" 375
"../../../../../Unreal Engine/SmartFlower/Content/StarterContent/Blueprints/Blueprint_Effect_Steam.uasset" 376
"../../../../../Unreal Engine/SmartFlower/Content/StarterContent/Textures/T_Lamp_M.uasset" 377
"../../../../../Unreal Engine/SmartFlower/Content/StarterContent/Textures/T_Lamp_N.uasset" 378
"../../../../../Unreal Engine/SmartFlower/Content/StarterContent/Props/Materials/M_Lamp.uasset" 379
"../../../../../Unreal Engine/SmartFlower/Content/StarterContent/Props/SM_Lamp_Ceiling.uasset" 380
"../../../../../Unreal Engine/SmartFlower/Content/StarterContent/Blueprints/Blueprint_CeilingLight.uasset" 381
"../../../../../Unreal Engine/SmartFlower/Content/StarterContent/Props/SM_Lamp_Wall.uasset" 382
"../../../../../Unreal Engine/SmartFlower/Content/StarterContent/Blueprints/Blueprint_WallSconce.uasset" 383
"../../../../../Unreal Engine/SmartFlower/Content/StarterContent/Maps/StarterMap_BuiltData.uasset" 384
"../../../Engine/Content/Functions/Engine_MaterialFunctions03/Procedurals/ComputeFilterWidth.uasset" 385
"../../../Engine/Content/EngineMaterials/AntiAliasedTextMaterialTranslucent.uasset" 386
"../../../../../Unreal Engine/SmartFlower/Content/StarterContent/Textures/T_Brick_Clay_Beveled_D.uasset" 387
"../../../../../Unreal Engine/SmartFlower/Content/StarterContent/Textures/T_Brick_Clay_Beveled_M.uasset" 388
"../../../../../Unreal Engine/SmartFlower/Content/StarterContent/Textures/T_Brick_Clay_Beveled_N.uasset" 389
"../../../../../Unreal Engine/SmartFlower/Content/StarterContent/Materials/M_Brick_Clay_Beveled.uasset" 390
"../../../../../Unreal Engine/SmartFlower/Content/StarterContent/Textures/T_Brick_Clay_New_D.uasset" 391
"../../../../../Unreal Engine/SmartFlower/Content/StarterContent/Textures/T_Brick_Clay_New_M.uasset" 392
"../../../../../Unreal Engine/SmartFlower/Content/StarterContent/Textures/T_Brick_Clay_New_N.uasset" 393
"../../../../../Unreal Engine/SmartFlower/Content/StarterContent/Materials/M_Brick_Clay_New.uasset" 394
"../../../../../Unreal Engine/SmartFlower/Content/StarterContent/Textures/T_Brick_Clay_Old_D.uasset" 395
"../../../../../Unreal Engine/SmartFlower/Content/StarterContent/Textures/T_Brick_Clay_Old_N.uasset" 396
"../../../../../Unreal Engine/SmartFlower/Content/StarterContent/Textures/T_Perlin_Noise_M.uasset" 397
"../../../../../Unreal Engine/SmartFlower/Content/StarterContent/Materials/M_Brick_Clay_Old.uasset" 398
"../../../../../Unreal Engine/SmartFlower/Content/StarterContent/Textures/T_Brick_Cut_Stone_D.uasset" 399
"../../../../../Unreal Engine/SmartFlower/Content/StarterContent/Textures/T_Brick_Cut_Stone_N.uasset" 400
"../../../../../Unreal Engine/SmartFlower/Content/StarterContent/Materials/M_Brick_Cut_Stone.uasset" 401
"../../../../../Unreal Engine/SmartFlower/Content/StarterContent/Textures/T_Brick_Hewn_Stone_D.uasset" 402
"../../../../../Unreal Engine/SmartFlower/Content/StarterContent/Textures/T_Brick_Hewn_Stone_M.uasset" 403
"../../../../../Unreal Engine/SmartFlower/Content/StarterContent/Textures/T_Brick_Hewn_Stone_N.uasset" 404
"../../../../../Unreal Engine/SmartFlower/Content/StarterContent/Materials/M_Brick_Hewn_Stone.uasset" 405
"../../../../../Unreal Engine/SmartFlower/Content/StarterContent/Textures/T_Ceramic_Tile_M.uasset" 406
"../../../../../Unreal Engine/SmartFlower/Content/StarterContent/Textures/T_Ceramic_Tile_N.uasset" 407
"../../../../../Unreal Engine/SmartFlower/Content/StarterContent/Textures/T_Rock_Marble_Polished_D.uasset" 408
"../../../../../Unreal Engine/SmartFlower/Content/StarterContent/Materials/M_Ceramic_Tile_Checker.uasset" 409
"../../../../../Unreal Engine/SmartFlower/Content/StarterContent/Textures/T_CobbleStone_Pebble_D.uasset" 410
"../../../../../Unreal Engine/SmartFlower/Content/StarterContent/Textures/T_CobbleStone_Pebble_M.uasset" 411
"../../../../../Unreal Engine/SmartFlower/Content/StarterContent/Textures/T_CobbleStone_Pebble_N.uasset" 412
"../../../../../Unreal Engine/SmartFlower/Content/StarterContent/Materials/M_CobbleStone_Pebble.uasset" 413
"../../../../../Unreal Engine/SmartFlower/Content/StarterContent/Textures/T_CobbleStone_Rough_D.uasset" 414
"../../../../../Unreal Engine/SmartFlower/Content/StarterContent/Textures/T_CobbleStone_Rough_N.uasset" 415
"../../../../../Unreal Engine/SmartFlower/Content/StarterContent/Textures/T_Gradinet_01.uasset" 416
"../../../../../Unreal Engine/SmartFlower/Content/StarterContent/Textures/T_Rock_Smooth_Granite_D.uasset" 417
"../../../../../Unreal Engine/SmartFlower/Content/StarterContent/Materials/M_CobbleStone_Rough.uasset" 418
"../../../../../Unreal Engine/SmartFlower/Content/StarterContent/Textures/T_CobbleStone_Smooth_D.uasset" 419
"../../../../../Unreal Engine/SmartFlower/Content/StarterContent/Textures/T_CobbleStone_Smooth_M.uasset" 420
"../../../../../Unreal Engine/SmartFlower/Content/StarterContent/Textures/T_CobbleStone_Smooth_N.uasset" 421
"../../../../../Unreal Engine/SmartFlower/Content/StarterContent/Materials/M_CobbleStone_Smooth.uasset" 422
"../../../../../Unreal Engine/SmartFlower/Content/StarterContent/Textures/T_Concrete_Grime_D.uasset" 423
"../../../../../Unreal Engine/SmartFlower/Content/StarterContent/Textures/T_Metal_Rust_N.uasset" 424
"../../../../../Unreal Engine/SmartFlower/Content/StarterContent/Materials/M_Concrete_Grime.uasset" 425
"../../../../../Unreal Engine/SmartFlower/Content/StarterContent/Textures/T_Concrete_Panels_D.uasset" 426
"../../../../../Unreal Engine/SmartFlower/Content/StarterContent/Textures/T_Concrete_Panels_N.uasset" 427
"../../../../../Unreal Engine/SmartFlower/Content/StarterContent/Materials/M_Concrete_Panels.uasset" 428
"../../../../../Unreal Engine/SmartFlower/Content/StarterContent/Textures/T_Concrete_Poured_D.uasset" 429
"../../../../../Unreal Engine/SmartFlower/Content/StarterContent/Textures/T_Concrete_Poured_N.uasset" 430
"../../../../../Unreal Engine/SmartFlower/Content/StarterContent/Materials/M_Concrete_Poured.uasset" 431
"../../../../../Unreal Engine/SmartFlower/Content/StarterContent/Textures/T_Concrete_Tiles_D.uasset" 432
"../../../../../Unreal Engine/SmartFlower/Content/StarterContent/Textures/T_Concrete_Tiles_M.uasset" 433
"../../../../../Unreal Engine/SmartFlower/Content/StarterContent/Textures/T_Concrete_Tiles_N.uasset" 434
"../../../../../Unreal Engine/SmartFlower/Content/StarterContent/Textures/T_Concrete_Tiles_Variation_M.uasset" 435
"../../../../../Unreal Engine/SmartFlower/Content/StarterContent/Materials/M_Concrete_Tiles.uasset" 436
"../../../../../Unreal Engine/SmartFlower/Content/StarterContent/Textures/T_Ground_Grass_D.uasset" 437
"../../../../../Unreal Engine/SmartFlower/Content/StarterContent/Textures/T_Ground_Grass_N.uasset" 438
"../../../../../Unreal Engine/SmartFlower/Content/StarterContent/Materials/M_Ground_Grass.uasset" 439
"../../../../../Unreal Engine/SmartFlower/Content/StarterContent/Textures/T_Ground_Gravel_D.uasset" 440
"../../../../../Unreal Engine/SmartFlower/Content/StarterContent/Textures/T_Ground_Gravel_N.uasset" 441
"../../../../../Unreal Engine/SmartFlower/Content/StarterContent/Materials/M_Ground_Gravel.uasset" 442
"../../../../../Unreal Engine/SmartFlower/Content/StarterContent/Textures/T_ground_Moss_D.uasset" 443
"../../../../../Unreal Engine/SmartFlower/Content/StarterContent/Textures/T_Ground_Moss_N.uasset" 444
"../../../../../Unreal Engine/SmartFlower/Content/StarterContent/Materials/M_Ground_Moss.uasset" 445
"../../../../../Unreal Engine/SmartFlower/Content/StarterContent/Materials/M_Metal_Chrome.uasset" 446
"../../../../../Unreal Engine/SmartFlower/Content/StarterContent/Textures/T_Metal_Copper_D.uasset" 447
"../../../../../Unreal Engine/SmartFlower/Content/StarterContent/Materials/M_Metal_Copper.uasset" 448
"../../../../../Unreal Engine/SmartFlower/Content/StarterContent/Textures/T_Metal_Gold_D.uasset" 449
"../../../../../Unreal Engine/SmartFlower/Content/StarterContent/Materials/M_Metal_Gold.uasset" 450
"../../../../../Unreal Engine/SmartFlower/Content/StarterContent/Textures/T_Metal_Rust_D.uasset" 451
"../../../../../Unreal Engine/SmartFlower/Content/StarterContent/Materials/M_Metal_Rust.uasset" 452
"../../../../../Unreal Engine/SmartFlower/Content/StarterContent/Textures/T_Metal_Steel_D.uasset" 453
"../../../../../Unreal Engine/SmartFlower/Content/StarterContent/Textures/T_Metal_Steel_N.uasset" 454
"../../../../../Unreal Engine/SmartFlower/Content/StarterContent/Materials/M_Metal_Steel.uasset" 455
"../../../../../Unreal Engine/SmartFlower/Content/StarterContent/Textures/T_Rock_Basalt_N.uasset" 456
"../../../../../Unreal Engine/SmartFlower/Content/StarterContent/Materials/M_Rock_Basalt.uasset" 457
"../../../../../Unreal Engine/SmartFlower/Content/StarterContent/Materials/M_Rock_Marble_Polished.uasset" 458
"../../../../../Unreal Engine/SmartFlower/Content/StarterContent/Textures/T_Rock_Sandstone_D.uasset" 459
"../../../../../Unreal Engine/SmartFlower/Content/StarterContent/Textures/T_Rock_Sandstone_N.uasset" 460
"../../../../../Unreal Engine/SmartFlower/Content/StarterContent/Materials/M_Rock_Sandstone.uasset" 461
"../../../../../Unreal Engine/SmartFlower/Content/StarterContent/Textures/T_Rock_Slate_D.uasset" 462
"../../../../../Unreal Engine/SmartFlower/Content/StarterContent/Textures/T_Rock_Slate_N.uasset" 463
"../../../../../Unreal Engine/SmartFlower/Content/StarterContent/Materials/M_Rock_Slate.uasset" 464
"../../../../../Unreal Engine/SmartFlower/Content/StarterContent/Textures/T_Checker_Noise_M.uasset" 465
"../../../../../Unreal Engine/SmartFlower/Content/StarterContent/Textures/T_Single_Tile_N.uasset" 466
"../../../../../Unreal Engine/SmartFlower/Content/StarterContent/Textures/T_Tech_Dot_M.uasset" 467
"../../../../../Unreal Engine/SmartFlower/Content/StarterContent/Textures/T_Tech_Dot_N.uasset" 468
"../../../../../Unreal Engine/SmartFlower/Content/StarterContent/Materials/M_Tech_Checker_Dot.uasset" 469
"../../../../../Unreal Engine/SmartFlower/Content/StarterContent/Textures/T_Tech_Hex_Tile_M.uasset" 470
"../../../../../Unreal Engine/SmartFlower/Content/StarterContent/Textures/T_Tech_Hex_Tile_N.uasset" 471
"../../../../../Unreal Engine/SmartFlower/Content/StarterContent/Materials/M_Tech_Hex_Tile.uasset" 472
"../../../../../Unreal Engine/SmartFlower/Content/StarterContent/Materials/M_Tech_Hex_Tile_Pulse.uasset" 473
"../../../../../Unreal Engine/SmartFlower/Content/StarterContent/Textures/T_Tech_Panel_M.uasset" 474
"../../../../../Unreal Engine/SmartFlower/Content/StarterContent/Textures/T_Tech_Panel_N.uasset" 475
"../../../../../Unreal Engine/SmartFlower/Content/StarterContent/Materials/M_Tech_Panel.uasset" 476
"../../../../../Unreal Engine/SmartFlower/Content/StarterContent/Materials/M_Water_Lake.uasset" 477
"../../../../../Unreal Engine/SmartFlower/Content/StarterContent/Textures/T_Water_M.uasset" 478
"../../../../../Unreal Engine/SmartFlower/Content/StarterContent/Materials/M_Water_Ocean.uasset" 479
"../../../../../Unreal Engine/SmartFlower/Content/StarterContent/Textures/T_Wood_Floor_Walnut_D.uasset" 480
"../../../../../Unreal Engine/SmartFlower/Content/StarterContent/Textures/T_Wood_Floor_Walnut_M.uasset" 481
"../../../../../Unreal Engine/SmartFlower/Content/StarterContent/Textures/T_Wood_Floor_Walnut_N.uasset" 482
"../../../../../Unreal Engine/SmartFlower/Content/StarterContent/Materials/M_Wood_Floor_Walnut_Polished.uasset" 483
"../../../Engine/Content/Functions/Engine_MaterialFunctions01/Opacity/AlphaOffset.uasset" 484
"../../../../../Unreal Engine/SmartFlower/Content/StarterContent/Materials/M_Wood_Floor_Walnut_Worn.uasset" 485
"../../../../../Unreal Engine/SmartFlower/Content/StarterContent/Textures/T_Wood_Oak_D.uasset" 486
"../../../../../Unreal Engine/SmartFlower/Content/StarterContent/Textures/T_Wood_Oak_N.uasset" 487
"../../../../../Unreal Engine/SmartFlower/Content/StarterContent/Materials/M_Wood_Oak.uasset" 488
"../../../../../Unreal Engine/SmartFlower/Content/StarterContent/Textures/T_Wood_Pine_D.uasset" 489
"../../../../../Unreal Engine/SmartFlower/Content/StarterContent/Textures/T_Wood_Pine_N.uasset" 490
"../../../../../Unreal Engine/SmartFlower/Content/StarterContent/Materials/M_Wood_Pine.uasset" 491
"../../../../../Unreal Engine/SmartFlower/Content/StarterContent/Textures/T_Wood_Walnut_D.uasset" 492
"../../../../../Unreal Engine/SmartFlower/Content/StarterContent/Textures/T_Wood_Walnut_N.uasset" 493
"../../../../../Unreal Engine/SmartFlower/Content/StarterContent/Materials/M_Wood_Walnut.uasset" 494
"../../../../../Unreal Engine/SmartFlower/Content/StarterContent/Architecture/Wall_400x200.uasset" 495
"../../../../../Unreal Engine/SmartFlower/Content/StarterContent/Architecture/Wall_Door_400x300.uasset" 496
"../../../../../Unreal Engine/SmartFlower/Content/StarterContent/Architecture/Wall_Window_400x300.uasset" 497
"../../../../../Unreal Engine/SmartFlower/Content/StarterContent/Audio/Collapse_Cue.uasset" 498
"../../../../../Unreal Engine/SmartFlower/Content/StarterContent/Audio/Starter_Music_Cue.uasset" 499
"../../../../../Unreal Engine/SmartFlower/Content/StarterContent/Textures/T_Dust_Particle_D.uasset" 500
"../../../../../Unreal Engine/SmartFlower/Content/StarterContent/Particles/Materials/M_Dust_Particle.uasset" 501
"../../../../../Unreal Engine/SmartFlower/Content/StarterContent/Particles/P_Ambient_Dust.uasset" 502
"../../../../../Unreal Engine/SmartFlower/Content/StarterContent/Props/MaterialSphere.uasset" 503
"../../../../../Unreal Engine/SmartFlower/Content/StarterContent/Textures/T_Frame_M.uasset" 504
"../../../../../Unreal Engine/SmartFlower/Content/StarterContent/Textures/T_Frame_N.uasset" 505
"../../../../../Unreal Engine/SmartFlower/Content/StarterContent/Props/Materials/M_Frame.uasset" 506
"../../../../../Unreal Engine/SmartFlower/Content/StarterContent/Props/SM_CornerFrame.uasset" 507
"../../../../../Unreal Engine/SmartFlower/Content/StarterContent/Props/SM_DoorFrame.uasset" 508
"../../../../../Unreal Engine/SmartFlower/Content/StarterContent/Props/SM_GlassWindow.uasset" 509
"../../../../../Unreal Engine/SmartFlower/Content/StarterContent/Props/SM_PillarFrame.uasset" 510
"../../../../../Unreal Engine/SmartFlower/Content/StarterContent/Props/SM_PillarFrame300.uasset" 511
"../../../../../Unreal Engine/SmartFlower/Content/StarterContent/Props/SM_WindowFrame.uasset" 512
"../../../../../Unreal Engine/SmartFlower/Content/StarterContent/Shapes/Shape_Cube.uasset" 513
"../../../../../Unreal Engine/SmartFlower/Content/StarterContent/Shapes/Shape_QuadPyramid.uasset" 514
"../../../../../Unreal Engine/SmartFlower/Content/StarterContent/Shapes/Shape_Sphere.uasset" 515
"../../../../../Unreal Engine/SmartFlower/Content/StarterContent/Maps/StarterMap.umap" 516
"../../../../../Unreal Engine/SmartFlower/Content/ProtoCharacters/anims/Playing_The_Violin.uasset" 517
"../../../../../Unreal Engine/SmartFlower/Content/ProtoCharacters/anims/Playing_The_Violin_In.uasset" 518
"../../../../../Unreal Engine/SmartFlower/Content/ProtoCharacters/Violinist_ABP.uasset" 519
"../../../../../Unreal Engine/SmartFlower/Content/Violin/Violino_Baked001LightingMap.uasset" 520
"../../../../../Unreal Engine/SmartFlower/Content/Violin/Violino_My001CompleteMap.uasset" 521
"../../../../../Unreal Engine/SmartFlower/Content/Violin/Violino_My001NormalMap.uasset" 522
"../../../../../Unreal Engine/SmartFlower/Content/Violin/Violino_My002_gloss.uasset" 523
"../../../../../Unreal Engine/SmartFlower/Content/Violin/Violino_My002_specular.uasset" 524
"../../../../../Unreal Engine/SmartFlower/Content/Violin/Violin_Mat.uasset" 525
"../../../../../Unreal Engine/SmartFlower/Content/Violin/bow.uasset" 526
"../../../../../Unreal Engine/SmartFlower/Content/Violin/violin.uasset" 527
"../../../../../Unreal Engine/SmartFlower/Content/ProtoCharacters/Violinist_BP.uasset" 528
"../../../../../Unreal Engine/SmartFlower/Content/SmartFlower/smartflower_Skeleton.uasset" 529
"../../../../../Unreal Engine/SmartFlower/Content/SmartFlower/anims/smartflower_anim_active.uasset" 530
"../../../../../Unreal Engine/SmartFlower/Content/SmartFlower/anims/smartflower_anim_deploy.uasset" 531
"../../../../../Unreal Engine/SmartFlower/Content/SmartFlower/anims/smartflower_anim_idle.uasset" 532
"../../../../../Unreal Engine/SmartFlower/Content/SmartFlower/anims/smartflower_anim_undeploy.uasset" 533
"../../../../../Unreal Engine/SmartFlower/Content/SmartFlower/SmartFlower_ABP.uasset" 534
"../../../../../Unreal Engine/SmartFlower/Content/SmartFlower/materials/smartflower_body_body_mat_BaseColor.uasset" 535
"../../../../../Unreal Engine/SmartFlower/Content/SmartFlower/materials/smartflower_body_body_mat_Normal.uasset" 536
"../../../../../Unreal Engine/SmartFlower/Content/SmartFlower/materials/smartflower_body_body_mat_OcclusionRoughnessMetallic.uasset" 537
"../../../../../Unreal Engine/SmartFlower/Content/SmartFlower/materials/body_mat.uasset" 538
"../../../../../Unreal Engine/SmartFlower/Content/SmartFlower/materials/smartflower_container_container_lab_Normal.uasset" 539
"../../../../../Unreal Engine/SmartFlower/Content/SmartFlower/materials/smartflower_container_container_lab_OcclusionRoughnessMetallic.uasset" 540
"../../../../../Unreal Engine/SmartFlower/Content/SmartFlower/materials/container_lab.uasset" 541
"../../../../../Unreal Engine/SmartFlower/Content/SmartFlower/materials/smartflower_petal_petal_mat_BaseColor.uasset" 542
"../../../../../Unreal Engine/SmartFlower/Content/SmartFlower/materials/smartflower_petal_petal_mat_Normal.uasset" 543
"../../../../../Unreal Engine/SmartFlower/Content/SmartFlower/materials/smartflower_petal_petal_mat_OcclusionRoughnessMetallic.uasset" 544
"../../../../../Unreal Engine/SmartFlower/Content/SmartFlower/materials/petal_mat.uasset" 545
"../../../../../Unreal Engine/SmartFlower/Content/SmartFlower/smartflower_PhysicsAsset.uasset" 546
"../../../../../Unreal Engine/SmartFlower/Content/SmartFlower/smartflower.uasset" 547
"../../../../../Unreal Engine/SmartFlower/Content/SmartFlower/SmartFlower_BP.uasset" 548
"../../../../../Unreal Engine/SmartFlower/Content/StylizedDesertEnv/Maps/Demonstration_BuiltData.uasset" 549
"../../../../../Unreal Engine/SmartFlower/Content/StylizedDesertEnv/Maps/LevelContent/Materials/Example_Terrain.uasset" 550
"../../../../../Unreal Engine/SmartFlower/Content/StylizedDesertEnv/Maps/LevelContent/Materials/Example_Terrain_Inst.uasset" 551
"../../../Engine/Content/EngineMaterials/DefaultPhysicalMaterial.uasset" 552
"../../../Engine/Content/MapTemplates/lut/LUT_Daytime.uasset" 553
"../../../../../Unreal Engine/SmartFlower/Content/Cinematics/Audio/Caprice.uasset" 554
"../../../../../Unreal Engine/SmartFlower/Content/Cinematics/Audio/Background.uasset" 555
"../../../Engine/Content/Functions/Engine_MaterialFunctions01/WorldPositionOffset/SimpleGrassWind.uasset" 556
"../../../Engine/Content/Functions/MaterialLayerFunctions/MatLayerBlend_BakedNormal_SimpleAdd.uasset" 557
"../../../../../Unreal Engine/SmartFlower/Content/StylizedDesertEnv/Materials/MaterialFunctions/EmmissiveMapSwitch.uasset" 558
"../../../../../Unreal Engine/SmartFlower/Content/StylizedDesertEnv/Materials/MaterialFunctions/ARME_Maps.uasset" 559
"../../../../../Unreal Engine/SmartFlower/Content/StylizedDesertEnv/Materials/Templates/D.uasset" 560
"../../../../../Unreal Engine/SmartFlower/Content/StylizedDesertEnv/Materials/Templates/DA.uasset" 561
"../../../../../Unreal Engine/SmartFlower/Content/StylizedDesertEnv/Materials/Templates/N.uasset" 562
"../../../../../Unreal Engine/SmartFlower/Content/StylizedDesertEnv/Materials/-ARM_Master.uasset" 563
"../../../../../Unreal Engine/SmartFlower/Content/StylizedDesertEnv/Textures/bones_ARM.uasset" 564
"../../../../../Unreal Engine/SmartFlower/Content/StylizedDesertEnv/Textures/bones_D.uasset" 565
"../../../../../Unreal Engine/SmartFlower/Content/StylizedDesertEnv/Textures/bones_N.uasset" 566
"../../../../../Unreal Engine/SmartFlower/Content/StylizedDesertEnv/Textures/rock_pocks.uasset" 567
"../../../../../Unreal Engine/SmartFlower/Content/StylizedDesertEnv/Materials/bones_mat.uasset" 568
"../../../../../Unreal Engine/SmartFlower/Content/StylizedDesertEnv/Meshes/bone_01.uasset" 569
"../../../../../Unreal Engine/SmartFlower/Content/StylizedDesertEnv/Meshes/bone_02.uasset" 570
"../../../../../Unreal Engine/SmartFlower/Content/StylizedDesertEnv/Meshes/bone_03.uasset" 571
"../../../../../Unreal Engine/SmartFlower/Content/StylizedDesertEnv/Meshes/bone_04.uasset" 572
"../../../../../Unreal Engine/SmartFlower/Content/StylizedDesertEnv/Meshes/bone_05.uasset" 573
"../../../../../Unreal Engine/SmartFlower/Content/StylizedDesertEnv/Meshes/branch_01.uasset" 574
"../../../../../Unreal Engine/SmartFlower/Content/StylizedDesertEnv/Meshes/branch_02.uasset" 575
"../../../../../Unreal Engine/SmartFlower/Content/StylizedDesertEnv/Meshes/branch_03.uasset" 576
"../../../../../Unreal Engine/SmartFlower/Content/StylizedDesertEnv/Meshes/branch_04.uasset" 577
"../../../../../Unreal Engine/SmartFlower/Content/StylizedDesertEnv/Textures/cliff_D.uasset" 578
"../../../../../Unreal Engine/SmartFlower/Content/StylizedDesertEnv/Textures/cliff_N.uasset" 579
"../../../../../Unreal Engine/SmartFlower/Content/StylizedDesertEnv/Textures/cliff_ORM.uasset" 580
"../../../../../Unreal Engine/SmartFlower/Content/StylizedDesertEnv/Materials/cliff_mat.uasset" 581
"../../../../../Unreal Engine/SmartFlower/Content/StylizedDesertEnv/Meshes/cliff_01.uasset" 582
"../../../../../Unreal Engine/SmartFlower/Content/StylizedDesertEnv/Meshes/cliff_02.uasset" 583
"../../../../../Unreal Engine/SmartFlower/Content/StylizedDesertEnv/Meshes/cliff_03.uasset" 584
"../../../../../Unreal Engine/SmartFlower/Content/StylizedDesertEnv/Textures/l_plants_ARM.uasset" 585
"../../../../../Unreal Engine/SmartFlower/Content/StylizedDesertEnv/Textures/l_plants_D.uasset" 586
"../../../../../Unreal Engine/SmartFlower/Content/StylizedDesertEnv/Textures/l_plants_N.uasset" 587
"../../../../../Unreal Engine/SmartFlower/Content/StylizedDesertEnv/Materials/l_plants_mat.uasset" 588
"../../../../../Unreal Engine/SmartFlower/Content/StylizedDesertEnv/Meshes/l_plant_01.uasset" 589
"../../../../../Unreal Engine/SmartFlower/Content/StylizedDesertEnv/Meshes/l_plant_02.uasset" 590
"../../../../../Unreal Engine/SmartFlower/Content/StylizedDesertEnv/Meshes/l_plant_03.uasset" 591
"../../../../../Unreal Engine/SmartFlower/Content/StylizedDesertEnv/Meshes/l_plant_04.uasset" 592
"../../../../../Unreal Engine/SmartFlower/Content/StylizedDesertEnv/Textures/l_rocks_ARM.uasset" 593
"../../../../../Unreal Engine/SmartFlower/Content/StylizedDesertEnv/Textures/l_rocks_D.uasset" 594
"../../../../../Unreal Engine/SmartFlower/Content/StylizedDesertEnv/Textures/l_rocks_N.uasset" 595
"../../../../../Unreal Engine/SmartFlower/Content/StylizedDesertEnv/Materials/l_rocks_mat.uasset" 596
"../../../../../Unreal Engine/SmartFlower/Content/StylizedDesertEnv/Meshes/l_rock_01.uasset" 597
"../../../../../Unreal Engine/SmartFlower/Content/StylizedDesertEnv/Meshes/l_rock_02.uasset" 598
"../../../../../Unreal Engine/SmartFlower/Content/StylizedDesertEnv/Meshes/l_rock_03.uasset" 599
"../../../../../Unreal Engine/SmartFlower/Content/StylizedDesertEnv/Materials/-ARM_Opacity_Master.uasset" 600
"../../../../../Unreal Engine/SmartFlower/Content/StylizedDesertEnv/Textures/s_plants_ARM.uasset" 601
"../../../../../Unreal Engine/SmartFlower/Content/StylizedDesertEnv/Textures/s_plants_DO.uasset" 602
"../../../../../Unreal Engine/SmartFlower/Content/StylizedDesertEnv/Textures/s_plants_N.uasset" 603
"../../../../../Unreal Engine/SmartFlower/Content/StylizedDesertEnv/Materials/s_plant_mat.uasset" 604
"../../../../../Unreal Engine/SmartFlower/Content/StylizedDesertEnv/Meshes/s_plant_01.uasset" 605
"../../../../../Unreal Engine/SmartFlower/Content/StylizedDesertEnv/Meshes/s_plant_02.uasset" 606
"../../../../../Unreal Engine/SmartFlower/Content/StylizedDesertEnv/Meshes/s_plant_03.uasset" 607
"../../../../../Unreal Engine/SmartFlower/Content/StylizedDesertEnv/Meshes/s_plant_04.uasset" 608
"../../../../../Unreal Engine/SmartFlower/Content/StylizedDesertEnv/Meshes/s_plant_05.uasset" 609
"../../../../../Unreal Engine/SmartFlower/Content/StylizedDesertEnv/Meshes/s_plant_06.uasset" 610
"../../../../../Unreal Engine/SmartFlower/Content/StylizedDesertEnv/Meshes/s_plant_07.uasset" 611
"../../../../../Unreal Engine/SmartFlower/Content/StylizedDesertEnv/Meshes/s_plant_08.uasset" 612
"../../../../../Unreal Engine/SmartFlower/Content/StylizedDesertEnv/Meshes/s_plant_09.uasset" 613
"../../../../../Unreal Engine/SmartFlower/Content/StylizedDesertEnv/Meshes/s_plant_10.uasset" 614
"../../../../../Unreal Engine/SmartFlower/Content/StylizedDesertEnv/Meshes/s_plant_11.uasset" 615
"../../../../../Unreal Engine/SmartFlower/Content/StylizedDesertEnv/Meshes/s_plant_12.uasset" 616
"../../../../../Unreal Engine/SmartFlower/Content/StylizedDesertEnv/Meshes/s_plant_13.uasset" 617
"../../../../../Unreal Engine/SmartFlower/Content/StylizedDesertEnv/Meshes/s_plant_14.uasset" 618
"../../../../../Unreal Engine/SmartFlower/Content/StylizedDesertEnv/Meshes/s_plant_15.uasset" 619
"../../../../../Unreal Engine/SmartFlower/Content/StylizedDesertEnv/Meshes/s_plant_16.uasset" 620
"../../../../../Unreal Engine/SmartFlower/Content/StylizedDesertEnv/Meshes/s_plant_17.uasset" 621
"../../../../../Unreal Engine/SmartFlower/Content/StylizedDesertEnv/Meshes/s_plant_18.uasset" 622
"../../../../../Unreal Engine/SmartFlower/Content/StylizedDesertEnv/Meshes/s_rock_01.uasset" 623
"../../../../../Unreal Engine/SmartFlower/Content/StylizedDesertEnv/Meshes/s_rock_02.uasset" 624
"../../../../../Unreal Engine/SmartFlower/Content/StylizedDesertEnv/Meshes/s_rock_03.uasset" 625
"../../../../../Unreal Engine/SmartFlower/Content/StylizedDesertEnv/Meshes/s_rock_04.uasset" 626
"../../../../../Unreal Engine/SmartFlower/Content/StylizedDesertEnv/Meshes/s_rock_05.uasset" 627
"../../../../../Unreal Engine/SmartFlower/Content/StylizedDesertEnv/Textures/trees_ARM.uasset" 628
"../../../../../Unreal Engine/SmartFlower/Content/StylizedDesertEnv/Textures/trees_DO.uasset" 629
"../../../../../Unreal Engine/SmartFlower/Content/StylizedDesertEnv/Textures/trees_N.uasset" 630
"../../../../../Unreal Engine/SmartFlower/Content/StylizedDesertEnv/Materials/tree_mat.uasset" 631
"../../../../../Unreal Engine/SmartFlower/Content/StylizedDesertEnv/Meshes/tree_01.uasset" 632
"../../../../../Unreal Engine/SmartFlower/Content/StylizedDesertEnv/Meshes/tree_02.uasset" 633
"../../../../../Unreal Engine/SmartFlower/Content/StylizedDesertEnv/Meshes/tree_03.uasset" 634
"../../../../../Unreal Engine/SmartFlower/Content/StylizedDesertEnv/Meshes/tree_04.uasset" 635
"../../../../../Unreal Engine/SmartFlower/Content/StylizedDesertEnv/Maps/Demonstration.umap" 636
"../../../Engine/Content/MapTemplates/Sky/SM_SkySphere.uasset" 637
"../../../../../Unreal Engine/SmartFlower/Content/StylizedDesertEnv/Maps/LevelContent/Architecture/M_CycRoom_01.uasset" 638
"../../../../../Unreal Engine/SmartFlower/Content/StylizedDesertEnv/Maps/LevelContent/Architecture/SM_CycRoom_01.uasset" 639
"../../../../../Unreal Engine/SmartFlower/Content/StylizedDesertEnv/Maps/LevelContent/HDRI/skate_park_2k.uasset" 640
"../../../../../Unreal Engine/SmartFlower/Content/StylizedDesertEnv/Maps/Overview.umap" 641
"../../../Engine/Content/Maps/Entry_BuiltData.uasset" 642
"../../../Engine/Content/Maps/Entry.umap" 643
